<?xml version="1.0" encoding="UTF-8"?>
<!-- Generated by org.testng.reporters.JUnitReportReporter -->
<testsuite hostname="Pramod-PC" name="com.saphirehssw5.test.functional.LoginTestSC_001" tests="1" failures="0" timestamp="20 Aug 2016 17:59:48 GMT" time="2.278" errors="0">
  <testcase name="testLoginTC_0010" time="2.278" classname="com.saphirehssw5.test.functional.LoginTestSC_001"/>
</testsuite> <!-- com.saphirehssw5.test.functional.LoginTestSC_001 -->
